<weather.models.MyFetion object at 0xc70710>
<?xml version="1.0" encoding="UTF-8"?>
<!DOCTYPE wml PUBLIC "-//WAPFORUM//DTD WML 1.1//EN" "http://www.wapforum.org/DTD/wml_1.1.xml">


<wml>
	
<head>
	<meta forua="true" http-equiv="Cache-Control" content="no-cache" />
	<meta forua="true" http-equiv="Cache-Control" content="max-age=0" />
	<meta forua="true" http-equiv="Cache-Control" content="must-revalidate" />
</head>

	<card title="提示:">
		<p> 
			 请求错误,请您返回<a href="/im/">WAP飞信</a>重试<br/>
			



<br/>



<a href="http://f.10086.cn/index.jsp">手机飞信网</a>-<a href="http://f.10086.cn/info/c/?nid=29">导航</a>-<a href="http://f.10086.cn/portal/cscenter.action?do=layout">客服</a><br/>
我的<a href="http://f.10086.cn/im/">飞信</a>.<a href="http://f.10086.cn/space/myspace/layout.action">同窗</a>.<a href="http://f.10086.cn/jy/home/index.action">家园</a><br/>


[07月05日 23:48]


		</p>
	</card>
</wml>
<?xml version="1.0" encoding="UTF-8"?>
<!DOCTYPE wml PUBLIC "-//WAPFORUM//DTD WML 1.1//EN" "http://www.wapforum.org/DTD/wml_1.1.xml">


<wml>
	
<head>
	<meta forua="true" http-equiv="Cache-Control" content="no-cache" />
	<meta forua="true" http-equiv="Cache-Control" content="max-age=0" />
	<meta forua="true" http-equiv="Cache-Control" content="must-revalidate" />
</head>

	<card title="提示:">
		<p> 
			 请求错误,请您返回<a href="/im/">WAP飞信</a>重试<br/>
			



<br/>



<a href="http://f.10086.cn/index.jsp">手机飞信网</a>-<a href="http://f.10086.cn/info/c/?nid=29">导航</a>-<a href="http://f.10086.cn/portal/cscenter.action?do=layout">客服</a><br/>
我的<a href="http://f.10086.cn/im/">飞信</a>.<a href="http://f.10086.cn/space/myspace/layout.action">同窗</a>.<a href="http://f.10086.cn/jy/home/index.action">家园</a><br/>


[07月05日 23:48]


		</p>
	</card>
</wml>
<?xml version="1.0" encoding="UTF-8"?>
<!DOCTYPE wml PUBLIC "-//WAPFORUM//DTD WML 1.1//EN" "http://www.wapforum.org/DTD/wml_1.1.xml">


<wml>
	
<head>
	<meta forua="true" http-equiv="Cache-Control" content="no-cache" />
	<meta forua="true" http-equiv="Cache-Control" content="max-age=0" />
	<meta forua="true" http-equiv="Cache-Control" content="must-revalidate" />
</head>

	<card title="提示:">
		<p> 
			 请求错误,请您返回<a href="/im/">WAP飞信</a>重试<br/>
			



<br/>



<a href="http://f.10086.cn/index.jsp">手机飞信网</a>-<a href="http://f.10086.cn/info/c/?nid=29">导航</a>-<a href="http://f.10086.cn/portal/cscenter.action?do=layout">客服</a><br/>
我的<a href="http://f.10086.cn/im/">飞信</a>.<a href="http://f.10086.cn/space/myspace/layout.action">同窗</a>.<a href="http://f.10086.cn/jy/home/index.action">家园</a><br/>


[07月05日 23:48]


		</p>
	</card>
</wml>
<?xml version="1.0" encoding="UTF-8"?>
<!DOCTYPE wml PUBLIC "-//WAPFORUM//DTD WML 1.1//EN" "http://www.wapforum.org/DTD/wml_1.1.xml">


<wml>
	
<head>
	<meta forua="true" http-equiv="Cache-Control" content="no-cache" />
	<meta forua="true" http-equiv="Cache-Control" content="max-age=0" />
	<meta forua="true" http-equiv="Cache-Control" content="must-revalidate" />
</head>

	<card title="提示:">
		<p> 
			 请求错误,请您返回<a href="/im/">WAP飞信</a>重试<br/>
			



<br/>



<a href="http://f.10086.cn/index.jsp">手机飞信网</a>-<a href="http://f.10086.cn/info/c/?nid=29">导航</a>-<a href="http://f.10086.cn/portal/cscenter.action?do=layout">客服</a><br/>
我的<a href="http://f.10086.cn/im/">飞信</a>.<a href="http://f.10086.cn/space/myspace/layout.action">同窗</a>.<a href="http://f.10086.cn/jy/home/index.action">家园</a><br/>


[07月05日 23:48]


		</p>
	</card>
</wml>
<?xml version="1.0" encoding="UTF-8"?>
<!DOCTYPE wml PUBLIC "-//WAPFORUM//DTD WML 1.1//EN" "http://www.wapforum.org/DTD/wml_1.1.xml">


<wml>
	
<head>
	<meta forua="true" http-equiv="Cache-Control" content="no-cache" />
	<meta forua="true" http-equiv="Cache-Control" content="max-age=0" />
	<meta forua="true" http-equiv="Cache-Control" content="must-revalidate" />
</head>

	<card title="提示:">
		<p> 
			 请求错误,请您返回<a href="/im/">WAP飞信</a>重试<br/>
			



<br/>



<a href="http://f.10086.cn/index.jsp">手机飞信网</a>-<a href="http://f.10086.cn/info/c/?nid=29">导航</a>-<a href="http://f.10086.cn/portal/cscenter.action?do=layout">客服</a><br/>
我的<a href="http://f.10086.cn/im/">飞信</a>.<a href="http://f.10086.cn/space/myspace/layout.action">同窗</a>.<a href="http://f.10086.cn/jy/home/index.action">家园</a><br/>


[07月05日 23:48]


		</p>
	</card>
</wml>
False
